Started by user [8mha:AAAAlh+LCAAAAAAAAP9b85aBtbiIQTGjNKU4P08vOT+vOD8nVc83PyU1x6OyILUoJzMv2y+/JJUBAhiZGBgqihhk0NSjKDWzXb3RdlLBUSYGJk8GtpzUvPSSDB8G5tKinBIGIZ+sxLJE/ZzEvHT94JKizLx0a6BxUmjGOUNodHsLgAzOEgYu/dLi1CL9vNKcHACFIKlWvwAAAA==[0manonymous
Building in workspace /Users/prit8976/Documents/ultimate-coverage/work/jobs/test0/workspace
 > git rev-parse --is-inside-work-tree # timeout=10
Fetching changes from the remote Git repository
 > git config remote.origin.url https://github.com/pritic/Example-Project.git # timeout=10
Fetching upstream changes from https://github.com/pritic/Example-Project.git
 > git --version # timeout=10
 > git -c core.askpass=true fetch --tags --progress https://github.com/pritic/Example-Project.git +refs/heads/*:refs/remotes/origin/*
 > git rev-parse refs/remotes/origin/master^{commit} # timeout=10
 > git rev-parse refs/remotes/origin/origin/master^{commit} # timeout=10
Checking out Revision af23b1d049fcd6a830275f164a53bd5a581d8e8f (refs/remotes/origin/master)
 > git config core.sparsecheckout # timeout=10
 > git checkout -f af23b1d049fcd6a830275f164a53bd5a581d8e8f
 > git rev-list af23b1d049fcd6a830275f164a53bd5a581d8e8f # timeout=10
[workspace] $ /bin/sh -xe /var/folders/2p/ytpqqnlx0lb0wf0w99_dp8br_vv_ty/T/hudson8448456813233352061.sh
+ cd src
+ javac exampleproject.java
+ java exampleproject
ERROR: Publisher org.jenkinsci.plugins.ultimatecoverage.APICoveragePluginPublisher aborted due to exception
[8mha:AAAAWB+LCAAAAAAAAP9b85aBtbiIQSmjNKU4P08vOT+vOD8nVc8DzHWtSE4tKMnMz/PLL0ldFVf2c+b/lb5MDAwVRQxSaBqcITRIIQMEMIIUFgAAckCEiWAAAAA=[0mjava.lang.IllegalStateException: No match found
	at java.util.regex.Matcher.group(Matcher.java:485)
	at java.util.regex.Matcher.group(Matcher.java:445)
	at org.jenkinsci.plugins.ultimatecoverage.APICoveragePluginPublisher.verification(APICoveragePluginPublisher.java:82)
	at org.jenkinsci.plugins.ultimatecoverage.APICoveragePluginPublisher.perform(APICoveragePluginPublisher.java:66)
	at hudson.tasks.BuildStepMonitor$3.perform(BuildStepMonitor.java:45)
	at hudson.model.AbstractBuild$AbstractBuildExecution.perform(AbstractBuild.java:770)
	at hudson.model.AbstractBuild$AbstractBuildExecution.performAllBuildSteps(AbstractBuild.java:734)
	at hudson.model.Build$BuildExecution.post2(Build.java:183)
	at hudson.model.AbstractBuild$AbstractBuildExecution.post(AbstractBuild.java:683)
	at hudson.model.Run.execute(Run.java:1770)
	at hudson.model.FreeStyleBuild.run(FreeStyleBuild.java:43)
	at hudson.model.ResourceController.execute(ResourceController.java:89)
	at hudson.model.Executor.run(Executor.java:240)
Finished: FAILURE
